Starting Dynare (version 6.2).
Calling Dynare with arguments: none
Starting preprocessing of the model file ... 
Found 34 equation(s). 
Evaluating expressions... 
Computing static model derivatives (order 1). 
Normalizing the static model... 
Finding the optimal block decomposition of the static model... 
12 block(s) found: 
  11 recursive block(s) and 1 simultaneous block(s). 
  the largest simultaneous block has 18 equation(s) 
                                 and 18 feedback variable(s). 
Computing dynamic model derivatives (order 1). 
Normalizing the dynamic model... 
Finding the optimal block decomposition of the dynamic model... 
10 block(s) found: 
  9 recursive block(s) and 1 simultaneous block(s). 
  the largest simultaneous block has 19 equation(s) 
                                 and 17 feedback variable(s). 
Preprocessing completed. 
Preprocessing time: 0h00m01s.
[Warning: Some of the parameters have no value (chi, b, Gam, A) when using stoch_simul. If these parameters are
not initialized in a steadystate file or a steady_state_model-block, Dynare may not be able to solve the model.
Note that simul, perfect_foresight_setup, and perfect_foresight_solver do not automatically call the steady state
file.] 

MODEL SUMMARY

  Number of variables:         34
  Number of stochastic shocks: 7
  Number of state variables:   13
  Number of jumpers:           9
  Number of static variables:  15


MATRIX OF COVARIANCE OF EXOGENOUS SHOCKS
Variables       eta_a     eta_g     eta_c     eta_m     eta_i     eta_r     eta_t
eta_a        0.000100  0.000000  0.000000  0.000000  0.000000  0.000000  0.000000
eta_g        0.000000  0.000100  0.000000  0.000000  0.000000  0.000000  0.000000
eta_c        0.000000  0.000000  0.000100  0.000000  0.000000  0.000000  0.000000
eta_m        0.000000  0.000000  0.000000  0.000100  0.000000  0.000000  0.000000
eta_i        0.000000  0.000000  0.000000  0.000000  0.000100  0.000000  0.000000
eta_r        0.000000  0.000000  0.000000  0.000000  0.000000  0.000100  0.000000
eta_t        0.000000  0.000000  0.000000  0.000000  0.000000  0.000000  0.000000

POLICY AND TRANSITION FUNCTIONS
                                   y               c               i              pi               r               u               x
Constant                   25.000000       14.781908        4.968092        1.005000        1.012085        0.075000        1.233333
n(-1)                      -2.346626        0.509650        0.070445       -0.024866       -0.009412        0.124036      -15.693515
k(-1)                       0.036049        0.039050       -0.002732       -0.000888       -0.000239        0.000089       -0.002663
r(-1)                     -48.396358      -35.437182       -5.273373       -0.444588        0.626498        2.558093      -76.174332
e_a(-1)                    17.013421       15.295902        2.787352       -0.575403       -0.160063        0.356076      -10.603162
e_g(-1)                     2.427455       -2.479395       -0.228653        0.015274        0.006580       -0.128308        3.820737
e_c(-1)                     7.176483        6.712774       -0.675985        0.045157        0.019453       -0.379328       11.295557
e_m(-1)                    -0.733435       -0.520386       -0.096572        0.019540        0.005309        0.038767       -1.154403
e_r(-1)                   -38.416153      -27.719039       -4.596264       -0.399296        0.253096        2.030568      -60.465806
e_t(-1)                    -0.582085       -0.362288       -0.127357        0.019495        0.005418        0.030767       -0.916183
i(-1)                       0.798469       -0.149448        0.821112        0.003503        0.001705       -0.042205        1.256765
e_i(-1)                     1.182004       -0.978925        1.973215       -0.004956       -0.000540       -0.062477        1.860436
eta_a                      17.908864       16.100950        2.934054       -0.605687       -0.168487        0.374817      -11.161223
eta_g                       2.555216       -2.609890       -0.240687        0.016078        0.006926       -0.135061        4.021828
eta_c                       7.554193        7.066078       -0.711563        0.047534        0.020477       -0.399293       11.890060
eta_m                      -0.772037       -0.547775       -0.101655        0.020568        0.005589        0.040808       -1.215161
eta_i                       1.244214       -1.030447        2.077069       -0.005216       -0.000569       -0.065766        1.958354
eta_r                     -96.040383      -69.297596      -11.490659       -0.998241        0.632740        5.076420     -151.164514
eta_t                      -0.727606       -0.452860       -0.159196        0.024368        0.006773        0.038459       -1.145229


THEORETICAL MOMENTS
VARIABLE         MEAN  STD. DEV.   VARIANCE
y             25.0000     3.2914    10.8335
c             14.7819     2.3349     5.4517
i              4.9681     1.0396     1.0809
pi             1.0050     0.0277     0.0008
r              1.0121     0.0270     0.0007
u              0.0750     0.1085     0.0118
x              1.2333     2.1952     4.8190



VARIANCE DECOMPOSITION (in percent)
       eta_a   eta_g   eta_c   eta_m   eta_i   eta_r   eta_t
y      66.44    0.08    0.71    0.09    9.09   23.60    0.00
c      65.73    0.37    1.13    0.08   10.00   22.69    0.00
i      63.42    0.22    1.94    0.08   10.16   24.17    0.00
pi     66.78    0.11    0.93    0.09    7.92   24.17    0.00
r      66.99    0.15    1.31    0.09    8.25   23.22    0.00
u      41.74    0.06    0.56    0.12    6.37   51.14    0.00
x      32.78    0.07    0.58    0.10    4.94   61.54    0.00



MATRIX OF CORRELATIONS
Variables          y        c        i       pi        r        u        x
y             1.0000   0.9816   0.8955  -0.5786  -0.9855  -0.9439   0.8781
c             0.9816   1.0000   0.8036  -0.5853  -0.9843  -0.9148   0.8556
i             0.8955   0.8036   1.0000  -0.5379  -0.8572  -0.8508   0.7407
pi           -0.5786  -0.5853  -0.5379   1.0000   0.5925   0.2791  -0.1772
r            -0.9855  -0.9843  -0.8572   0.5925   1.0000   0.9184  -0.8359
u            -0.9439  -0.9148  -0.8508   0.2791   0.9184   1.0000  -0.9562
x             0.8781   0.8556   0.7407  -0.1772  -0.8359  -0.9562   1.0000



COEFFICIENTS OF AUTOCORRELATION
Order          1       2       3       4       5
y         0.9487  0.9143  0.8827  0.8565  0.8342
c         0.9453  0.9001  0.8666  0.8426  0.8255
i         0.9877  0.9599  0.9234  0.8829  0.8413
pi        0.8936  0.8319  0.7824  0.7455  0.7176
r         0.9647  0.9151  0.8715  0.8377  0.8129
u         0.8699  0.7883  0.7164  0.6603  0.6163
x         0.6299  0.6006  0.5398  0.4996  0.4679
Total computing time : 0h00m40s
Note: warning(s) encountered in MATLAB/Octave code
