Starting Dynare (version 6.2).
Calling Dynare with arguments: none
Starting preprocessing of the model file ... 
WARNING: unemployment_NK.mod:14.1-17.43: Symbol gy_obs declared twice. 
WARNING: unemployment_NK.mod:14.1-17.43: Symbol pi_obs declared twice. 
WARNING: unemployment_NK.mod:14.1-17.43: Symbol u_obs declared twice. 
Found 34 equation(s). 
Evaluating expressions... 
Computing static model derivatives (order 1). 
Normalizing the static model... 
Finding the optimal block decomposition of the static model... 
12 block(s) found: 
  11 recursive block(s) and 1 simultaneous block(s). 
  the largest simultaneous block has 18 equation(s) 
                                 and 18 feedback variable(s). 
Computing dynamic model derivatives (order 1). 
Normalizing the dynamic model... 
Finding the optimal block decomposition of the dynamic model... 
10 block(s) found: 
  9 recursive block(s) and 1 simultaneous block(s). 
  the largest simultaneous block has 19 equation(s) 
                                 and 17 feedback variable(s). 
Preprocessing completed. 
Preprocessing time: 0h00m00s.
[Warning: Some of the parameters have no value (chi, b, Gam, A) when using initial_estimation_checks. If these parameters are
not initialized in a steadystate file or a steady_state_model-block, Dynare may not be able to solve the model. Note that
simul, perfect_foresight_setup, and perfect_foresight_solver do not automatically call the steady state file.] 
Initial value of the log posterior (or likelihood): -41672815.4978
-----------------
f at the beginning of new iteration,  41672815.4978091568
Predicted improvement: 3315888199292703.500000000
lambda =          1; f =  14614610701.5974636
lambda =    0.33333; f =   1660838409.0752990
lambda =    0.11111; f =    221563529.1242170
lambda =   0.037037; f =     61655148.8690014
lambda =   0.012346; f =     43891234.6796864
lambda =  0.0041152; f =     41918694.3087025
lambda =  0.0013717; f =     41699932.4471287
lambda = 0.00045725; f =     41675762.0038731
lambda = 0.00015242; f =     41673121.8758178
lambda = 5.0805e-05; f =     41672843.4465340
lambda = 1.6935e-05; f =     41672817.2268798
lambda =  5.645e-06; f =     41672815.6054356
lambda = 1.8817e-06; f =     41672815.5080122
lambda = 6.2723e-07; f =     41672815.4984524
lambda = 2.0908e-07; f =     41672815.4978094
lambda = 6.9692e-08; f =      2560932.5232004
lambda = 2.3231e-08; f =      6159916.7664867
lambda = 7.7435e-09; f =     16591398.3023119
Norm of dx 8.1436e+05
----
Improvement on iteration 1 = 39111882.974608719
-----------------
f at the beginning of new iteration,   2560932.5232004384
Predicted improvement: 3747179713557.061523438
lambda =          1; f =      4093343.5062786
lambda =    0.33333; f =      2730504.6704837
lambda =    0.11111; f =      2579543.5838101
lambda =   0.037037; f =      2562925.2799476
lambda =   0.012346; f =      2561130.5184780
lambda =  0.0041152; f =      2560948.1758512
lambda =  0.0013717; f =      2560933.0125323
lambda = 0.00045725; f =      2560932.5238665
lambda = 0.00015242; f =      2560932.5232022
lambda = 5.0805e-05; f =       111074.8033661
lambda = 1.6935e-05; f =       349188.6405090
lambda =  5.645e-06; f =       645684.4313556
lambda = 1.8817e-06; f =       871570.1950862
lambda = 6.2723e-07; f =      1153962.2540448
lambda = 2.0908e-07; f =      1652081.6615568
Norm of dx      27391
----
Improvement on iteration 2 =  2449857.719834377
-----------------
f at the beginning of new iteration,    111074.8033660620
Predicted improvement:  4622260.479432504
lambda =          1; f =       111649.6939786
lambda =    0.33333; f =       111125.3159909
lambda =    0.11111; f =       111077.1394017
lambda =   0.037037; f =       111074.8725318
lambda =   0.012346; f =       111074.8036839
lambda =  0.0041152; f =        89569.4755788
Norm of dx     30.405
----
Improvement on iteration 3 =    21505.327787291
-----------------
f at the beginning of new iteration,     89569.4755787713
Predicted improvement:  8447847.882422484
lambda =          1; f =        90649.0350101
lambda =    0.33333; f =        89672.2160264
lambda =    0.11111; f =        89576.1786959
lambda =   0.037037; f =        89569.4999410
lambda =   0.012346; f =        89569.5303614
lambda =  0.0041152; f =        89569.4768336
lambda =  0.0013717; f =        78200.9465141
Norm of dx     69.141
----
Improvement on iteration 4 =    11368.529064646
-----------------
f at the beginning of new iteration,     78200.9465141253
Predicted improvement:   938673.581188351
lambda =          1; f =        78259.3450031
lambda =    0.33333; f =        78205.1213438
lambda =    0.11111; f =        78200.9811026
lambda =   0.037037; f =        78201.0201610
lambda =   0.012346; f =        78200.9492415
lambda =  0.0041152; f =        73410.9084400
Norm of dx     15.672
----
Improvement on iteration 5 =     4790.038074122
-----------------
f at the beginning of new iteration,     73410.9084400033
Predicted improvement:  2114375.746610440
lambda =          1; f =        74475.3713967
lambda =    0.33333; f =        73517.8256531
lambda =    0.11111; f =        73419.6109230
lambda =   0.037037; f =        73411.1585280
lambda =   0.012346; f =        73410.9168813
lambda =  0.0041152; f =        73410.9085055
lambda =  0.0013717; f =        73410.9084404
lambda = 0.00045725; f =        71797.7673074
lambda = 0.00088394; f =        70332.5444399
lambda =  0.0017088; f =        73410.9084424
lambda =  0.0011506; f =        73410.9084400
lambda = 0.00090756; f =        70252.6580330
lambda =  0.0010464; f =        69785.0928036
lambda =  0.0012065; f =        73410.9084400
lambda =  0.0011078; f =        69580.4025918
lambda =   0.001166; f =        73410.9084400
lambda =  0.0011307; f =        69504.3596821
lambda =  0.0011518; f =        73410.9084400
lambda =  0.0011391; f =        69476.6503158
Norm of dx     40.795
Cliff.  Perturbing search direction.
Predicted improvement:  8570954.212323761
lambda =          1; f =        79475.6661353
lambda =    0.33333; f =        74055.2943171
lambda =    0.11111; f =        73473.5430645
lambda =   0.037037; f =        73415.4890978
lambda =   0.012346; f =        73410.9623855
lambda =  0.0041152; f =        49370.5218428
Norm of dx     80.739
Value of bad gradient 2: 0

----
Improvement on iteration 6 =    24040.386597153
-----------------
f at the beginning of new iteration,     49370.5218428498
Predicted improvement:   343799.286244853
lambda =          1; f =        49443.0866981
lambda =    0.33333; f =        49377.0111806
lambda =    0.11111; f =        49370.8550503
lambda =   0.037037; f =        49370.5348144
lambda =   0.012346; f =        49370.5222989
lambda =  0.0041152; f =        49370.5218572
lambda =  0.0013717; f =        48446.7355527
lambda =  0.0026518; f =        49370.5218433
lambda =  0.0017856; f =        48175.6443644
lambda =  0.0022638; f =        47868.1808671
lambda =  0.0028701; f =        49370.5218441
lambda =  0.0024892; f =        49370.5218429
lambda =  0.0022854; f =        47854.6109967
lambda =  0.0024056; f =        49370.5218429
lambda =  0.0023327; f =        47825.3320065
lambda =  0.0023762; f =        49370.5218429
lambda =    0.00235; f =        49370.5218429
Norm of dx     11.767
Cliff.  Perturbing search direction.
Predicted improvement:   919056.701707063
lambda =          1; f =        49685.0352350
lambda =    0.33333; f =        49401.9198464
lambda =    0.11111; f =        49373.0662004
lambda =   0.037037; f =        49370.5904857
lambda =   0.012346; f =        49370.5219435
lambda =  0.0041152; f =        49370.5218428
lambda =  0.0013717; f =        47411.7643478
lambda =  0.0026518; f =        45647.0524905
lambda =  0.0051265; f =        49370.5218444
lambda =  0.0034519; f =        44575.1515579
lambda =  0.0043764; f =        49370.5218430
lambda =  0.0037956; f =        44122.3501731
lambda =  0.0041341; f =        49370.5218429
lambda =  0.0039275; f =        43949.9549024
lambda =  0.0040502; f =        43790.7360885
lambda =  0.0041767; f =        49370.5218429
lambda =  0.0041003; f =        43726.2427011
lambda =   0.004146; f =        49370.5218429
Norm of dx     19.256
Cliff again.  Try traversing
Predicted improvement: 2788018118.018124580
lambda =          1; f =   5390900597.9980268
lambda =    0.33333; f =    599014705.8525845
lambda =    0.11111; f =     66595030.8519708
lambda =   0.037037; f =      7441319.4496774
lambda =   0.012346; f =       870028.0857348
lambda =  0.0041152; f =       140331.9711098
lambda =  0.0013717; f =        59403.7311464
lambda = 0.00045725; f =        50461.4065192
lambda = 0.00015242; f =        49484.3822391
lambda = 5.0805e-05; f =        49381.2290095
lambda = 1.6935e-05; f =        49371.1957352
lambda =  5.645e-06; f =        49370.5218634
lambda = 1.8817e-06; f =        39185.1472920
lambda = 3.6376e-06; f =        31369.8360284
lambda = 7.0322e-06; f =        49370.5328336
lambda = 4.7351e-06; f =        27267.3706249
lambda = 6.0032e-06; f =        49370.5227691
lambda = 5.2066e-06; f =        25674.3604710
lambda = 5.6709e-06; f =        49370.5218838
lambda = 5.3875e-06; f =        25087.6261898
lambda = 5.5558e-06; f =        24555.7339819
lambda = 5.7293e-06; f =        49370.5219558
lambda = 5.6246e-06; f =        49370.5218522
lambda = 5.5626e-06; f =        24534.6778441
Norm of dx      74673
----
Improvement on iteration 7 =    24835.843998795
back and forth on step length never finished
-----------------
f at the beginning of new iteration,     24534.6778440549
Predicted improvement:   343799.286244853
lambda =          1; f =        24614.3200278
lambda =    0.33333; f =        24543.3767668
lambda =    0.11111; f =        24535.6376152
lambda =   0.037037; f =        24534.7832365
lambda =   0.012346; f =        24534.6893496
lambda =  0.0041152; f =        24534.6790554
lambda =  0.0013717; f =        24534.6779575
lambda = 0.00045725; f =        24534.6778508
lambda = 0.00015242; f =        24484.5368768
Norm of dx     11.767
----
Improvement on iteration 8 =       50.140967276
-----------------
f at the beginning of new iteration,     24484.5368767791
Predicted improvement:    51335.085538052
lambda =          1; f =        24495.1271926
lambda =    0.33333; f =        24485.7059620
lambda =    0.11111; f =        24484.6652432
lambda =   0.037037; f =        24484.5511065
lambda =   0.012346; f =        24484.5384534
lambda =  0.0041152; f =        24484.5370505
lambda =  0.0013717; f =        24484.5368956
lambda = 0.00045725; f =        24484.5368787
lambda = 0.00015242; f =        24484.5368769
lambda = 5.0805e-05; f =        24484.5368768
lambda = 1.6935e-05; f =        24482.8326622
lambda = 3.2739e-05; f =        24484.5368768
lambda = 2.2044e-05; f =        24482.3910059
lambda = 2.7948e-05; f =        24484.5368768
lambda = 2.4239e-05; f =        24482.2174719
lambda = 2.6401e-05; f =        24484.5368768
lambda = 2.5082e-05; f =        24482.1533700
lambda = 2.5865e-05; f =        24484.5368768
lambda = 2.5392e-05; f =        24482.1311539
lambda = 2.5675e-05; f =        24482.1082132
lambda = 2.5961e-05; f =        24484.5368768
Norm of dx     4.6897
Cliff.  Perturbing search direction.
Predicted improvement:    84180.819375233
lambda =          1; f =        24497.7093891
lambda =    0.33333; f =        24485.9930325
lambda =    0.11111; f =        24484.6971932
lambda =   0.037037; f =        24484.5546579
lambda =   0.012346; f =        24484.5388475
lambda =  0.0041152; f =        24484.5370941
lambda =  0.0013717; f =        24484.5369004
lambda = 0.00045725; f =        24484.5368792
lambda = 0.00015242; f =        24484.5368770
lambda = 5.0805e-05; f =        24484.5368768
lambda = 1.6935e-05; f =        24481.7624184
lambda = 3.2739e-05; f =        24484.5368768
lambda = 2.2044e-05; f =        24481.0242391
lambda = 2.7948e-05; f =        24484.5368768
lambda = 2.4239e-05; f =        24484.5368768
lambda = 2.2255e-05; f =        24480.9953123
lambda = 2.3425e-05; f =        24484.5368768
lambda = 2.2716e-05; f =        24480.9321152
lambda = 2.3139e-05; f =        24484.5368768
lambda = 2.2884e-05; f =        24480.9101003
Norm of dx      4.857
Cliff again.  Try traversing
Predicted improvement: 2172441618.035954475
lambda =          1; f =   3935719396.6647444
lambda =    0.33333; f =    437280262.7868728
lambda =    0.11111; f =     48593910.4955808
lambda =   0.037037; f =      5416240.3615944
lambda =   0.012346; f =       621955.5720928
lambda =  0.0041152; f =        90335.3002397
lambda =  0.0013717; f =        31625.7271755
lambda = 0.00045725; f =        25222.2232896
lambda = 0.00015242; f =        24549.9351216
lambda = 5.0805e-05; f =        24487.6755759
lambda = 1.6935e-05; f =        24484.5521687
lambda =  5.645e-06; f =        12526.3085054
Norm of dx      65916
----
Improvement on iteration 9 =    11958.228371389
-----------------
f at the beginning of new iteration,     12526.3085053897
Predicted improvement:    40851.121198250
lambda =          1; f =        12535.4503959
lambda =    0.33333; f =        12527.3069652
lambda =    0.11111; f =        12526.4161532
lambda =   0.037037; f =        12526.3195459
lambda =   0.012346; f =        12526.3094499
lambda =  0.0041152; f =        12526.3085408
lambda =  0.0013717; f =        12431.9625892
lambda =  0.0026518; f =        12526.3085078
lambda =  0.0017856; f =        12404.3446903
lambda =  0.0022638; f =        12526.3085055
lambda =  0.0019634; f =        12393.0155228
lambda =  0.0021385; f =        12526.3085054
lambda =  0.0020316; f =        12388.9496113
lambda =  0.0020951; f =        12385.6037020
lambda =  0.0021605; f =        12526.3085054
lambda =   0.002121; f =        12384.5753335
lambda =  0.0021446; f =        12526.3085054
Norm of dx     3.9935
Cliff.  Perturbing search direction.
Predicted improvement:    42449.873854648
lambda =          1; f =        12535.8598553
lambda =    0.33333; f =        12527.3523110
lambda =    0.11111; f =        12526.4211335
lambda =   0.037037; f =        12526.3200778
lambda =   0.012346; f =        12526.3095018
lambda =  0.0041152; f =        12526.3085442
lambda =  0.0013717; f =        12428.9697188
lambda =  0.0026518; f =        12526.3085084
lambda =  0.0017856; f =        12400.5589556
lambda =  0.0022638; f =        12526.3085057
lambda =  0.0019634; f =        12389.0571187
lambda =  0.0021385; f =        12526.3085054
lambda =  0.0020316; f =        12385.1258371
lambda =  0.0020951; f =        12526.3085054
lambda =  0.0020568; f =        12383.8973771
lambda =  0.0020797; f =        12383.0451264
lambda =  0.0021028; f =        12526.3085054
Norm of dx      4.134
Cliff again.  Try traversing
Predicted improvement:  8669129.448154001
lambda =          1; f =      4427669.4143097
lambda =    0.33333; f =       502951.4449976
lambda =    0.11111; f =        66969.9807396
lambda =   0.037037; f =        18560.3658587
lambda =   0.012346; f =        13191.9687087
lambda =  0.0041152; f =        12598.6866249
lambda =  0.0013717; f =        12533.8339280
lambda = 0.00045725; f =        12526.9839176
lambda = 0.00015242; f =        12526.3414203
lambda = 5.0805e-05; f =        12526.3085130
lambda = 1.6935e-05; f =        12186.4683080
lambda = 3.2739e-05; f =        11866.6808649
lambda =  6.329e-05; f =        12526.3085306
lambda = 4.2616e-05; f =        12526.3085070
lambda = 3.3613e-05; f =        11849.2549214
lambda = 3.8757e-05; f =        12526.3085057
lambda = 3.5583e-05; f =        12526.3085054
lambda = 3.3805e-05; f =        11845.4548912
lambda = 3.4861e-05; f =        11824.8952031
lambda =  3.595e-05; f =        12526.3085054
lambda = 3.5293e-05; f =        11816.8527076
lambda = 3.5685e-05; f =        12526.3085054
Norm of dx     4163.9
----
Improvement on iteration 10 =      709.455797752
back and forth on step length never finished
-----------------
f at the beginning of new iteration,     11816.8527076379
Predicted improvement:    40851.121198250
lambda =          1; f =        11826.0277123
lambda =    0.33333; f =        11817.8630012
lambda =    0.11111; f =        11816.9645911
lambda =   0.037037; f =        11816.8651324
lambda =   0.012346; f =        11816.8540859
lambda =  0.0041152; f =        11816.8528600
lambda =  0.0013717; f =        11816.8527243
lambda = 0.00045725; f =        11816.8527094
lambda = 0.00015242; f =        11816.8527078
lambda = 5.0805e-05; f =        11816.8527076
lambda = 1.6935e-05; f =        11816.8527076
lambda =  5.645e-06; f =        11816.7217899
Norm of dx     3.9935
----
Improvement on iteration 11 =        0.130917700
-----------------
f at the beginning of new iteration,     11816.7217899382
Predicted improvement:     3161.993014597
lambda =          1; f =        11816.8072610
lambda =    0.33333; f =        11816.7299827
lambda =    0.11111; f =        11816.7226991
lambda =   0.037037; f =        11816.7218906
lambda =   0.012346; f =        11816.7218010
lambda =  0.0041152; f =        11816.7217911
lambda =  0.0013717; f =        11816.7217901
lambda = 0.00045725; f =        11816.7217899
lambda = 0.00015242; f =        11816.7217899
lambda = 5.0805e-05; f =        11816.4017211
lambda = 9.8216e-05; f =        11816.1356004
lambda = 0.00018987; f =        11816.7217899
lambda = 0.00012785; f =        11816.7217899
lambda = 0.00010084; f =        11816.1203266
lambda = 0.00011627; f =        11816.7217899
lambda = 0.00010675; f =        11816.7217899
lambda = 0.00010142; f =        11816.1166180
lambda = 0.00010458; f =        11816.1022497
lambda = 0.00010785; f =        11816.7217899
lambda = 0.00010588; f =        11816.7217899
lambda = 0.00010471; f =        11816.1003978
Norm of dx    0.61449
Cliff.  Perturbing search direction.
Predicted improvement:     4331.024110242
lambda =          1; f =        11816.7650334
lambda =    0.33333; f =        11816.7229700
lambda =    0.11111; f =        11816.7218839
lambda =   0.037037; f =        11816.7218003
lambda =   0.012346; f =        11816.7217910
lambda =  0.0041152; f =        11816.7217900
lambda =  0.0013717; f =        11816.7217899
lambda = 0.00045725; f =        11816.7217899
lambda = 0.00015242; f =        11815.3950178
lambda = 0.00029465; f =        11814.1853681
lambda = 0.00056961; f =        11816.7217899
lambda = 0.00038354; f =        11816.7217899
lambda = 0.00030252; f =        11814.1217017
lambda = 0.00034881; f =        11816.7217899
lambda = 0.00032025; f =        11813.9735626
lambda = 0.00033709; f =        11816.7217899
lambda = 0.00032688; f =        11816.7217899
lambda = 0.00032091; f =        11813.9672550
lambda = 0.00032448; f =        11813.9372838
lambda = 0.00032809; f =        11816.7217899
Norm of dx    0.56407
Cliff again.  Try traversing
Predicted improvement: 149948248.546927482
lambda =          1; f =    147976635.9437305
lambda =    0.33333; f =     16447986.4705323
lambda =    0.11111; f =      1836603.4118614
lambda =   0.037037; f =       214086.8477558
lambda =   0.012346; f =        34130.7103263
lambda =  0.0041152; f =        14243.4108801
lambda =  0.0013717; f =        12069.6532532
lambda = 0.00045725; f =        11840.1053985
lambda = 0.00015242; f =        11818.5894161
lambda = 5.0805e-05; f =        11816.8800704
lambda = 1.6935e-05; f =        11816.7290033
lambda =  5.645e-06; f =        10286.6438925
lambda = 1.0913e-05; f =        11816.7227897
lambda = 7.3481e-06; f =        11816.7217899
lambda = 5.7958e-06; f =        10249.8907807
lambda = 6.6827e-06; f =        10037.5531590
lambda = 7.7053e-06; f =        11816.7218003
lambda = 7.0743e-06; f =         9946.6234148
lambda = 7.4464e-06; f =        11816.7217908
lambda = 7.2209e-06; f =         9915.4294940
lambda = 7.3554e-06; f =        11816.7217900
lambda = 7.2744e-06; f =         9906.3423309
Norm of dx      17318
----
Improvement on iteration 12 =     1910.379459020
back and forth on step length never finished
-----------------
f at the beginning of new iteration,      9906.3423309180
Predicted improvement:     3161.993014597
lambda =          1; f =         9906.4476360
lambda =    0.33333; f =         9906.3534211
lambda =    0.11111; f =         9906.3435459
lambda =   0.037037; f =         9906.3424604
lambda =   0.012346; f =         9906.3423437
lambda =  0.0041152; f =         9906.3423320
lambda =  0.0013717; f =         9906.3423310
lambda = 0.00045725; f =         9906.3423309
lambda = 0.00015242; f =         9905.7898863
Norm of dx    0.61449
----
Improvement on iteration 13 =        0.552444656
-----------------
f at the beginning of new iteration,      9905.7898862620
Predicted improvement:     7452.787381177
lambda =          1; f =         9906.3740956
lambda =    0.33333; f =         9905.8523599
lambda =    0.11111; f =         9905.7968007
lambda =   0.037037; f =         9905.7906531
lambda =   0.012346; f =         9905.7899710
lambda =  0.0041152; f =         9905.7898955
lambda =  0.0013717; f =         9905.7898872
lambda = 0.00045725; f =         9905.7898864
lambda = 0.00015242; f =         9905.7898863
lambda = 5.0805e-05; f =         9905.1735843
lambda = 9.8216e-05; f =         9905.7898863
lambda = 6.6133e-05; f =         9905.7898863
lambda = 5.2163e-05; f =         9905.1614131
lambda = 6.0144e-05; f =         9905.7898863
lambda =  5.522e-05; f =         9905.7898863
lambda = 5.2461e-05; f =         9905.1586259
lambda = 5.4099e-05; f =         9905.7898863
lambda =  5.311e-05; f =         9905.1537245
lambda = 5.3701e-05; f =         9905.7898863
Norm of dx     1.6151
Cliff.  Perturbing search direction.
Predicted improvement:     9668.214868635
lambda =          1; f =         9906.2432050
lambda =    0.33333; f =         9905.8382522
lambda =    0.11111; f =         9905.7952485
lambda =   0.037037; f =         9905.7904808
lambda =   0.012346; f =         9905.7899519
lambda =  0.0041152; f =         9905.7898934
lambda =  0.0013717; f =         9905.7898870
lambda = 0.00045725; f =         9905.7898863
lambda = 0.00015242; f =         9905.7898863
lambda = 5.0805e-05; f =         9904.9471435
lambda = 9.8216e-05; f =         9905.7898863
lambda = 6.6133e-05; f =         9905.7898863
lambda = 5.2163e-05; f =         9904.9286175
lambda = 6.0144e-05; f =         9904.8258359
lambda = 6.9347e-05; f =         9905.7898863
lambda = 6.3669e-05; f =         9905.7898863
lambda = 6.0488e-05; f =         9904.8218869
lambda = 6.2377e-05; f =         9905.7898863
lambda = 6.1237e-05; f =         9905.7898863
lambda = 6.0562e-05; f =         9905.7898863
Norm of dx     1.8189
Cliff again.  Try traversing
Predicted improvement: 67562492.803733557
lambda =          1; f =       233293.4981845
lambda =    0.33333; f =        34548.0863969
lambda =    0.11111; f =        12584.9968675
lambda =   0.037037; f =        10184.5649206
lambda =   0.012346; f =         9931.1540379
lambda =  0.0041152; f =         9907.3877776
lambda =  0.0013717; f =         9905.8396289
lambda = 0.00045725; f =         9905.7915359
lambda = 0.00015242; f =         9905.7899416
lambda = 5.0805e-05; f =         9905.7898923
lambda = 1.6935e-05; f =         9905.7898869
lambda =  5.645e-06; f =         9905.7898863
lambda = 1.8817e-06; f =         9905.7898863
lambda = 6.2723e-07; f =         9878.6495247
Norm of dx      11624
----
Improvement on iteration 14 =       27.140361535
-----------------
f at the beginning of new iteration,      9878.6495247265
Predicted improvement:     3991.686535750
lambda =          1; f =        13939.2804128
lambda =    0.33333; f =        11329.2592828
lambda =    0.11111; f =        10345.0784879
lambda =   0.037037; f =        10027.8402626
lambda =   0.012346; f =         9923.9878139
lambda =  0.0041152; f =         9890.5595350
lambda =  0.0013717; f =         9880.5253117
lambda = 0.00045725; f =         9878.1451517
lambda = 0.00015242; f =         9878.0346981
Norm of dx    0.82299
----
Improvement on iteration 15 =        0.614826582
-----------------
f at the beginning of new iteration,      9878.0346981445
Predicted improvement:     5679.413651569
lambda =          1; f =         9878.0588458
lambda =    0.33333; f =         9878.0349129
lambda =    0.11111; f =         8788.1362938
lambda =     0.2148; f =         8079.3650110
lambda =    0.41524; f =         9878.0357159
lambda =     0.2796; f =         9878.0347113
lambda =    0.22054; f =         9878.0346982
lambda =     0.2165; f =         9878.0346981
Norm of dx     1.0659
Cliff.  Perturbing search direction.
Predicted improvement:    10977.103046492
lambda =          1; f =         9878.0564013
lambda =    0.33333; f =         9878.0348444
lambda =    0.11111; f =         7866.5607005
lambda =     0.2148; f =         9878.0346982
lambda =    0.14463; f =         7389.7185681
lambda =    0.18337; f =         6911.1272628
lambda =    0.23248; f =         9878.0346987
lambda =    0.20163; f =         6720.3879073
lambda =    0.21961; f =         9878.0346982
lambda =    0.20864; f =         6656.7322221
lambda =    0.21515; f =         9878.0346982
lambda =    0.21122; f =         6635.2909438
Norm of dx     1.1485
Value of bad gradient 2: 0

----
Improvement on iteration 16 =     3242.743754298
warning: possible inaccuracy in H matrix
-----------------
f at the beginning of new iteration,      6635.2909438463
Predicted improvement:     5024.963659843
lambda =          1; f =         6635.3352857
lambda =    0.33333; f =         6635.2929892
lambda =    0.11111; f =         5925.2006073
Norm of dx    0.78734
----
Improvement on iteration 17 =      710.090336500
-----------------
f at the beginning of new iteration,      5925.2006073459
Predicted improvement:     2570.779317657
lambda =          1; f =         5925.2009578
lambda =    0.33333; f =         5925.2014620
lambda =    0.11111; f =         5925.2006173
lambda =   0.037037; f =         5747.0248476
lambda =   0.071599; f =         5597.0711140
lambda =    0.13841; f =         5925.2006477
lambda =     0.0932; f =         5925.2006084
lambda =   0.073512; f =         5589.2499704
lambda =   0.084761; f =         5925.2006073
lambda =    0.07782; f =         5571.9565541
lambda =   0.081913; f =         5556.3392550
lambda =   0.086221; f =         5925.2006074
lambda =    0.08361; f =         5550.6789927
lambda =   0.085167; f =         5925.2006074
lambda =   0.084229; f =         5549.1688829
Norm of dx    0.44657
Cliff.  Perturbing search direction.
Predicted improvement:     4654.865979258
lambda =          1; f =         5925.2009617
lambda =    0.33333; f =         5925.2013894
lambda =    0.11111; f =         5925.2006148
lambda =   0.037037; f =         5611.0337926
lambda =   0.071599; f =         5355.6928329
lambda =    0.13841; f =         5925.2006413
lambda =     0.0932; f =         5925.2006078
lambda =   0.073512; f =         5342.4362024
lambda =   0.084761; f =         5267.2219577
lambda =    0.09773; f =         5925.2006088
lambda =   0.089728; f =         5925.2006074
lambda =   0.085245; f =         5264.2137930
lambda =   0.087907; f =         5925.2006074
lambda =     0.0863; f =         5257.9311068
lambda =   0.087261; f =         5925.2006073
Norm of dx    0.54659
Cliff again.  Try traversing
Predicted improvement: 183644033.211728185
lambda =          1; f =        36361.2824185
lambda =    0.33333; f =         9237.1133335
lambda =    0.11111; f =         6270.6479653
lambda =   0.037037; f =         5956.8177678
lambda =   0.012346; f =         5927.2067677
lambda =  0.0041152; f =         5925.3544618
lambda =  0.0013717; f =         5925.2157343
lambda = 0.00045725; f =         5925.2017128
lambda = 0.00015242; f =         5925.2006190
lambda = 5.0805e-05; f =          786.7353515
lambda = 1.6935e-05; f =         2364.4864993
Norm of dx      19165
----
Improvement on iteration 18 =     5138.465255796
-----------------
f at the beginning of new iteration,       786.7353515498
Predicted improvement:       48.873185752
lambda =          1; f =          730.4004754
Norm of dx   0.065751
----
Improvement on iteration 19 =       56.334876177
-----------------
f at the beginning of new iteration,       730.4004753731
Predicted improvement:      166.814337581
lambda =          1; f =          543.2014882
Norm of dx    0.27733
----
Improvement on iteration 20 =      187.198987141
-----------------
f at the beginning of new iteration,       543.2014882324
Predicted improvement:       53.092588199
lambda =          1; f =          543.2014886
lambda =    0.33333; f =          512.4347364
lambda =    0.64439; f =          492.9337711
lambda =     1.2457; f =          543.2014895
lambda =     0.8388; f =          543.2014883
lambda =    0.66161; f =          492.4005903
lambda =    0.76285; f =          543.2014882
lambda =    0.70038; f =          491.5745957
Norm of dx    0.19156
----
Improvement on iteration 21 =       51.626892492
warning: possible inaccuracy in H matrix
-----------------
f at the beginning of new iteration,       491.5745957404
Predicted improvement:      190.304860495
lambda =          1; f =          491.5745960
lambda =    0.33333; f =          399.4184638
lambda =    0.64439; f =          346.7265296
Norm of dx    0.56611
----
Improvement on iteration 22 =      144.848066126
-----------------
f at the beginning of new iteration,       346.7265296145
Predicted improvement:       97.337135324
lambda =          1; f =          346.7265345
lambda =    0.33333; f =          346.7265298
lambda =    0.11111; f =          330.1133326
lambda =     0.2148; f =          346.7265296
lambda =    0.14463; f =          325.9094369
lambda =    0.18337; f =          346.7265296
lambda =    0.15903; f =          324.3741214
lambda =    0.17322; f =          346.7265296
lambda =    0.16456; f =          346.7265296
lambda =    0.15958; f =          324.3217802
lambda =    0.16255; f =          346.7265296
lambda =    0.16076; f =          324.2096205
Norm of dx    0.65509
Cliff.  Perturbing search direction.
Predicted improvement:      187.086781532
lambda =          1; f =          346.7265337
lambda =    0.33333; f =          346.7265298
lambda =    0.11111; f =          313.6312186
lambda =     0.2148; f =          346.7265296
lambda =    0.14463; f =          305.1906920
lambda =    0.18337; f =          346.7265296
lambda =    0.15903; f =          301.8515247
lambda =    0.17322; f =          298.8091437
lambda =    0.18867; f =          346.7265296
lambda =    0.17924; f =          346.7265296
lambda =    0.17381; f =          298.6889450
lambda =    0.17705; f =          346.7265296
lambda =     0.1751; f =          346.7265296
Norm of dx     1.1753
Cliff again.  Try traversing
Predicted improvement:    30973.667084274
lambda =          1; f =          347.5146707
lambda =    0.33333; f =          346.7265312
lambda =    0.11111; f =          346.7265296
lambda =   0.037037; f =          150.5596429
lambda =   0.012346; f =          113.9827556
Norm of dx     248.89
----
Improvement on iteration 23 =      232.743773997
-----------------
f at the beginning of new iteration,       113.9827556174
Predicted improvement:        1.707901893
lambda =          1; f =          110.7155211
lambda =     1.9332; f =          107.8815665
lambda =     3.7372; f =          103.2484865
lambda =     7.2247; f =          113.9828850
lambda =     4.8647; f =          113.9827556
lambda =      3.837; f =          103.0614897
lambda =     4.4242; f =          102.4636249
lambda =     5.1011; f =          113.9827571
lambda =     4.6834; f =          103.0458462
Norm of dx   0.034958
----
Improvement on iteration 24 =       11.519130715
warning: possible inaccuracy in H matrix
-----------------
f at the beginning of new iteration,       102.4636249029
Predicted improvement:        5.789912105
lambda =          1; f =           91.7327494
lambda =     1.9332; f =           86.0544476
lambda =     3.7372; f =          102.4636342
lambda =     2.5164; f =          102.4636251
lambda =     1.9848; f =           86.3121460
lambda =     2.2885; f =           93.6931469
Norm of dx    0.12291
----
Improvement on iteration 25 =       16.409177290
warning: possible inaccuracy in H matrix
-----------------
f at the beginning of new iteration,        86.0544476125
Predicted improvement:        5.608240809
lambda =          1; f =           86.5448501
lambda =    0.33333; f =           84.5175506
Norm of dx   0.061847
----
Improvement on iteration 26 =        1.536897029
-----------------
f at the beginning of new iteration,        84.5175505834
Predicted improvement:        2.907184591
lambda =          1; f =           79.2336184
lambda =     1.9332; f =           75.8076466
lambda =     3.7372; f =           84.5175509
lambda =     2.5164; f =           75.3338961
Norm of dx   0.072467
----
Improvement on iteration 27 =        9.183654444
-----------------
f at the beginning of new iteration,        75.3338961394
Predicted improvement:        3.843866503
lambda =          1; f =           71.8153583
Norm of dx    0.04154
----
Improvement on iteration 28 =        3.518537867
-----------------
f at the beginning of new iteration,        71.8153582719
Predicted improvement:        6.630728627
lambda =          1; f =           59.1771897
lambda =     1.9332; f =           48.4835010
lambda =     3.7372; f =           29.8268408
lambda =     7.2247; f =           -2.1208685
lambda =     13.967; f =          -62.6923877
lambda =         27; f =           71.8395929
lambda =      18.18; f =         -109.1117834
lambda =     23.049; f =           71.8153911
lambda =      19.99; f =         -131.6313397
lambda =     21.773; f =         -149.9993741
lambda =     23.715; f =           71.8159619
lambda =      22.53; f =         -154.0481528
lambda =     23.234; f =           71.8154650
lambda =     22.809; f =         -151.2334290
lambda =     23.063; f =           71.8153951
Norm of dx    0.20973
----
Improvement on iteration 29 =      225.863511084
warning: possible inaccuracy in H matrix
-----------------
f at the beginning of new iteration,      -154.0481528117
Predicted improvement:       11.095568795
lambda =          1; f =         -154.0026514
lambda =    0.33333; f =         -154.0453313
lambda =    0.11111; f =         -154.0481165
lambda =   0.037037; f =         -154.3605712
Norm of dx    0.97958
----
Improvement on iteration 30 =        0.312418372
-----------------
f at the beginning of new iteration,      -154.3605711839
Predicted improvement:       12.416252555
lambda =          1; f =         -154.3529086
lambda =    0.33333; f =         -154.3603205
lambda =    0.11111; f =         -157.4510072
lambda =     0.2148; f =         -154.3605617
lambda =    0.14463; f =         -158.4846735
lambda =    0.18337; f =         -148.9889195
lambda =    0.15903; f =         -158.6102680
lambda =    0.17322; f =         -157.1285570
Norm of dx    0.12011
----
Improvement on iteration 31 =        4.249696819
warning: possible inaccuracy in H matrix
-----------------
f at the beginning of new iteration,      -158.6102680030
Predicted improvement:        2.943513361
lambda =          1; f =         -159.6368912
lambda =    0.33333; f =         -159.5209660
Norm of dx    0.10626
----
Improvement on iteration 32 =        1.026623189
-----------------
f at the beginning of new iteration,      -159.6368911925
Predicted improvement:        2.213635360
lambda =          1; f =         -162.9943158
lambda =     1.9332; f =         -159.6368693
lambda =     1.3017; f =         -159.6368912
lambda =     1.0267; f =         -162.8795889
lambda =     1.1838; f =         -160.0190726
lambda =     1.0869; f =         -162.3712275
Norm of dx    0.14143
----
Improvement on iteration 33 =        3.357424650
warning: possible inaccuracy in H matrix
-----------------
f at the beginning of new iteration,      -162.9943158420
Predicted improvement:        2.055688334
lambda =          1; f =         -164.2537994
Norm of dx    0.10912
----
Improvement on iteration 34 =        1.259483516
-----------------
f at the beginning of new iteration,      -164.2537993585
Predicted improvement:        2.107841765
lambda =          1; f =         -168.1468601
lambda =     1.9332; f =         -171.3599261
lambda =     3.7372; f =         -176.7748588
lambda =     7.2247; f =         -184.7743789
Norm of dx    0.32984
----
Improvement on iteration 35 =       20.520579587
-----------------
f at the beginning of new iteration,      -184.7743789456
Predicted improvement:        5.252030493
lambda =          1; f =         -189.1516868
Norm of dx     1.8336
----
Improvement on iteration 36 =        4.377307855
-----------------
f at the beginning of new iteration,      -189.1516868010
Predicted improvement:        0.867928206
lambda =          1; f =         -189.9072655
Norm of dx    0.53924
----
Improvement on iteration 37 =        0.755578705
-----------------
f at the beginning of new iteration,      -189.9072655056
Predicted improvement:        0.222533249
lambda =          1; f =         -190.2190162
lambda =     1.9332; f =         -189.9403187
lambda =     1.3017; f =         -190.2252375
Norm of dx   0.060536
----
Improvement on iteration 38 =        0.317971969
-----------------
f at the beginning of new iteration,      -190.2252374741
Predicted improvement:        0.072496262
lambda =          1; f =         -190.3249351
Norm of dx    0.06971
----
Improvement on iteration 39 =        0.099697594
-----------------
f at the beginning of new iteration,      -190.3249350680
Predicted improvement:        0.118778045
lambda =          1; f =         -190.5258017
lambda =     1.9332; f =         -190.6464991
lambda =     3.7372; f =         -190.6928746
Norm of dx   0.093348
----
Improvement on iteration 40 =        0.367939536
-----------------
f at the beginning of new iteration,      -190.6928746039
Predicted improvement:        0.334411057
lambda =          1; f =         -191.2975954
lambda =     1.9332; f =         -191.7533455
lambda =     3.7372; f =         -192.3715231
Norm of dx    0.12519
----
Improvement on iteration 41 =        1.678648519
-----------------
f at the beginning of new iteration,      -192.3715231225
Predicted improvement:        0.903912436
lambda =          1; f =         -193.7643554
lambda =     1.9332; f =         -194.5155347
Norm of dx    0.21754
----
Improvement on iteration 42 =        2.144011593
-----------------
f at the beginning of new iteration,      -194.5155347157
Predicted improvement:        0.637330352
lambda =          1; f =         -195.6416277
lambda =     1.9332; f =         -196.5350317
lambda =     3.7372; f =         -197.1868816
Norm of dx    0.14925
----
Improvement on iteration 43 =        2.671346891
-----------------
f at the beginning of new iteration,      -197.1868816066
Predicted improvement:        1.159241315
lambda =          1; f =         -196.6032066
lambda =    0.33333; f =         -197.3793851
lambda =    0.11111; f =         -197.3563020
Norm of dx    0.29299
----
Improvement on iteration 44 =        0.192503494
-----------------
f at the beginning of new iteration,      -197.3793851007
Correct for low angle: 0.00452188
Predicted improvement:        0.062095604
lambda =          1; f =         -197.4796184
lambda =     1.9332; f =         -197.5259392
Norm of dx    0.08892
----
Improvement on iteration 45 =        0.146554085
-----------------
f at the beginning of new iteration,      -197.5259391855
Predicted improvement:        0.028246931
lambda =          1; f =         -197.5740291
lambda =     1.9332; f =         -197.6026200
lambda =     3.7372; f =         -197.6059613
Norm of dx   0.040014
----
Improvement on iteration 46 =        0.080022144
-----------------
f at the beginning of new iteration,      -197.6059613296
Predicted improvement:        0.095173223
lambda =          1; f =         -197.7828039
lambda =     1.9332; f =         -197.9257785
lambda =     3.7372; f =         -198.1509099
lambda =     7.2247; f =         -198.4247408
Norm of dx    0.03026
----
Improvement on iteration 47 =        0.818779491
-----------------
f at the beginning of new iteration,      -198.4247408204
Predicted improvement:        0.511197708
lambda =          1; f =         -198.2972446
lambda =    0.33333; f =         -198.7102328
lambda =    0.64439; f =         -198.7925711
Norm of dx   0.041967
----
Improvement on iteration 48 =        0.367830322
-----------------
f at the beginning of new iteration,      -198.7925711427
Predicted improvement:        0.094377465
lambda =          1; f =         -198.9284339
lambda =     1.9332; f =         -198.9483435
Norm of dx   0.038015
----
Improvement on iteration 49 =        0.155772321
-----------------
f at the beginning of new iteration,      -198.9483434638
Predicted improvement:        0.053655438
lambda =          1; f =         -199.0138780
Norm of dx   0.020527
----
Improvement on iteration 50 =        0.065534554
-----------------
f at the beginning of new iteration,      -199.0138780179
Predicted improvement:        0.023704213
lambda =          1; f =         -199.0534425
lambda =     1.9332; f =         -199.0763192
Norm of dx   0.024601
----
Improvement on iteration 51 =        0.062441207
-----------------
f at the beginning of new iteration,      -199.0763192249
Predicted improvement:        0.095979735
lambda =          1; f =         -199.2512365
lambda =     1.9332; f =         -199.3851852
lambda =     3.7372; f =         -199.5702297
Norm of dx    0.06488
----
Improvement on iteration 52 =        0.493910513
-----------------
f at the beginning of new iteration,      -199.5702297383
Predicted improvement:        0.489070792
lambda =          1; f =         -200.4045857
lambda =     1.9332; f =         -200.9754780
lambda =     3.7372; f =         -201.6375038
Norm of dx    0.14959
----
Improvement on iteration 53 =        2.067274067
-----------------
f at the beginning of new iteration,      -201.6375038052
Predicted improvement:        0.966316965
lambda =          1; f =         -202.9737216
Norm of dx    0.23451
----
Improvement on iteration 54 =        1.336217821
-----------------
f at the beginning of new iteration,      -202.9737216259
Predicted improvement:        0.798585726
lambda =          1; f =         -203.9692978
Norm of dx    0.51562
----
Improvement on iteration 55 =        0.995576124
-----------------
f at the beginning of new iteration,      -203.9692977500
Predicted improvement:        0.126464048
lambda =          1; f =         -204.0725031
Norm of dx    0.17854
----
Improvement on iteration 56 =        0.103205324
-----------------
f at the beginning of new iteration,      -204.0725030745
Predicted improvement:        0.012041508
lambda =          1; f =         -204.0879187
Norm of dx   0.044147
----
Improvement on iteration 57 =        0.015415674
-----------------
f at the beginning of new iteration,      -204.0879187484
Correct for low angle: 0.00411967
Predicted improvement:        0.005153717
lambda =          1; f =         -204.0968245
lambda =     1.9332; f =         -204.1026157
lambda =     3.7372; f =         -204.1068551
Norm of dx   0.019085
----
Improvement on iteration 58 =        0.018936323
-----------------
f at the beginning of new iteration,      -204.1068550718
Predicted improvement:        0.012764750
lambda =          1; f =         -204.1322356
lambda =     1.9332; f =         -204.1556511
lambda =     3.7372; f =         -204.2001859
lambda =     7.2247; f =         -204.2835762
lambda =     13.967; f =         -204.4348953
lambda =         27; f =         -204.6918567
lambda =     52.196; f =         -205.0636287
lambda =      100.9; f =         -205.3382631
Norm of dx  0.0027213
----
Improvement on iteration 59 =        1.231408006
-----------------
f at the beginning of new iteration,      -205.3382630779
Predicted improvement:        0.300630455
lambda =          1; f =         -205.6848237
Norm of dx    0.12023
----
Improvement on iteration 60 =        0.346560576
-----------------
f at the beginning of new iteration,      -205.6848236537
Predicted improvement:        0.068326094
lambda =          1; f =         -205.7917110
lambda =     1.9332; f =         -205.8289918
Norm of dx   0.043008
----
Improvement on iteration 61 =        0.144168194
-----------------
f at the beginning of new iteration,      -205.8289918476
Predicted improvement:        0.112120375
lambda =          1; f =         -205.9259842
Norm of dx   0.024441
----
Improvement on iteration 62 =        0.096992396
-----------------
f at the beginning of new iteration,      -205.9259842441
Predicted improvement:        0.037068469
lambda =          1; f =         -205.9660900
Norm of dx   0.053787
----
Improvement on iteration 63 =        0.040105757
-----------------
f at the beginning of new iteration,      -205.9660900008
Predicted improvement:        0.013472903
lambda =          1; f =         -205.9869367
lambda =     1.9332; f =         -205.9966288
Norm of dx   0.023605
----
Improvement on iteration 64 =        0.030538804
-----------------
f at the beginning of new iteration,      -205.9966288052
Correct for low angle: 0.00425548
Predicted improvement:        0.008557796
lambda =          1; f =         -206.0089457
lambda =     1.9332; f =         -206.0125690
Norm of dx   0.028524
----
Improvement on iteration 65 =        0.015940188
-----------------
f at the beginning of new iteration,      -206.0125689931
Predicted improvement:        0.007726319
lambda =          1; f =         -206.0257965
lambda =     1.9332; f =         -206.0348107
lambda =     3.7372; f =         -206.0463454
Norm of dx   0.019062
----
Improvement on iteration 66 =        0.033776361
-----------------
f at the beginning of new iteration,      -206.0463453545
Correct for low angle: 0.00428839
Predicted improvement:        0.067205839
lambda =          1; f =         -206.3746891
lambda =     1.9332; f =         -207.2460646
lambda =     3.7372; f =         -210.3806337
lambda =     7.2247; f =         -141.8697803
lambda =     4.8647; f =         -211.4249218
lambda =     6.1676; f =         -201.5393377
lambda =     5.3491; f =         -210.2918188
lambda =     5.8261; f =         -206.7763270
lambda =     6.3457; f =         -197.3425604
lambda =     6.0286; f =         -204.0446148
lambda =     5.7274; f =         -207.7907680
lambda =     5.9063; f =         -205.8088271
lambda =     5.7983; f =         -207.0807820
lambda =     5.8629; f =         -206.3499609
Norm of dx    0.18887
----
Improvement on iteration 67 =        5.378576411
warning: possible inaccuracy in H matrix
-----------------
f at the beginning of new iteration,      -211.4249217650
Predicted improvement:        1.649393396
lambda =          1; f =         -206.3933559
lambda =    0.33333; f =         -210.0831348
lambda =    0.11111; f =         -211.3970649
lambda =   0.037037; f =         -211.4972401
Norm of dx     0.7595
----
Improvement on iteration 68 =        0.072318331
-----------------
f at the beginning of new iteration,      -211.4972400957
Predicted improvement:        0.686415750
lambda =          1; f =         -211.9637211
Norm of dx    0.41182
----
Improvement on iteration 69 =        0.466481005
-----------------
f at the beginning of new iteration,      -211.9637211002
Predicted improvement:        0.100421060
lambda =          1; f =         -212.1131659
lambda =     1.9332; f =         -212.1531736
Norm of dx   0.094019
----
Improvement on iteration 70 =        0.189452465
-----------------
f at the beginning of new iteration,      -212.1531735654
Predicted improvement:        0.046392180
lambda =          1; f =         -212.2420952
lambda =     1.9332; f =         -212.3182867
lambda =     3.7372; f =         -212.4475903
lambda =     7.2247; f =         -212.6327284
lambda =     13.967; f =         -212.7528643
Norm of dx   0.017809
----
Improvement on iteration 71 =        0.599690742
-----------------
f at the beginning of new iteration,      -212.7528643073
Predicted improvement:        0.363385208
lambda =          1; f =         -213.3532848
lambda =     1.9332; f =         -213.6820543
Norm of dx   0.045641
----
Improvement on iteration 72 =        0.929189977
-----------------
f at the beginning of new iteration,      -213.6820542841
Predicted improvement:        0.428209378
lambda =          1; f =         -214.2112752
Norm of dx   0.075209
----
Improvement on iteration 73 =        0.529220903
-----------------
f at the beginning of new iteration,      -214.2112751870
Predicted improvement:        0.277962379
lambda =          1; f =         -214.4314253
Norm of dx    0.10189
----
Improvement on iteration 74 =        0.220150105
-----------------
f at the beginning of new iteration,      -214.4314252921
Predicted improvement:        0.079229253
lambda =          1; f =         -214.5675497
lambda =     1.9332; f =         -214.6525566
lambda =     3.7372; f =         -214.6909682
Norm of dx   0.011683
----
Improvement on iteration 75 =        0.259542937
-----------------
f at the beginning of new iteration,      -214.6909682286
Predicted improvement:        0.148382215
lambda =          1; f =         -214.9526505
lambda =     1.9332; f =         -215.1316622
lambda =     3.7372; f =         -215.2737144
Norm of dx   0.033241
----
Improvement on iteration 76 =        0.582746214
-----------------
f at the beginning of new iteration,      -215.2737144424
Predicted improvement:        0.241673524
lambda =          1; f =         -215.3306093
lambda =    0.33333; f =         -215.3849468
Norm of dx   0.097058
----
Improvement on iteration 77 =        0.111232345
-----------------
f at the beginning of new iteration,      -215.3849467878
Predicted improvement:        0.053292367
lambda =          1; f =         -215.4342493
Norm of dx   0.041903
----
Improvement on iteration 78 =        0.049302493
-----------------
f at the beginning of new iteration,      -215.4342492812
Predicted improvement:        0.013311135
lambda =          1; f =         -215.4409078
lambda =    0.33333; f =         -215.4408469
lambda =    0.64439; f =         -215.4430012
Norm of dx  0.0084817
----
Improvement on iteration 79 =        0.008751877
-----------------
f at the beginning of new iteration,      -215.4430011581
Predicted improvement:        0.002049825
lambda =          1; f =         -215.4469186
lambda =     1.9332; f =         -215.4502399
lambda =     3.7372; f =         -215.4557515
lambda =     7.2247; f =         -215.4630421
Norm of dx  0.0050707
----
Improvement on iteration 80 =        0.020040988
-----------------
f at the beginning of new iteration,      -215.4630421459
Predicted improvement:        0.021973746
lambda =          1; f =         -215.5040394
lambda =     1.9332; f =         -215.5370660
lambda =     3.7372; f =         -215.5873807
lambda =     7.2247; f =         -215.6378977
Norm of dx   0.013044
----
Improvement on iteration 81 =        0.174855507
-----------------
f at the beginning of new iteration,      -215.6378976526
Predicted improvement:        0.137165530
lambda =          1; f =         -215.9052183
lambda =     1.9332; f =         -216.1426052
lambda =     3.7372; f =         -216.5717392
lambda =     7.2247; f =         -217.3024975
lambda =     13.967; f =         -218.3667781
lambda =         27; f =         -216.8181967
lambda =      18.18; f =         -218.7469953
Norm of dx   0.013566
----
Improvement on iteration 82 =        3.109097611
-----------------
f at the beginning of new iteration,      -218.7469952635
Predicted improvement:        1.157426759
lambda =          1; f =         -219.8187158
Norm of dx   0.060646
----
Improvement on iteration 83 =        1.071720559
-----------------
f at the beginning of new iteration,      -219.8187158228
Predicted improvement:        3.921613656
lambda =          1; f =         -225.5901885
lambda =     1.9332; f =         -219.8167424
lambda =     1.3017; f =         -226.5585122
Norm of dx    0.27535
----
Improvement on iteration 84 =        6.739796356
-----------------
f at the beginning of new iteration,      -226.5585121785
Predicted improvement:        3.492277682
lambda =          1; f =         -226.5067814
lambda =    0.33333; f =         -226.5584669
lambda =    0.11111; f =         -227.1969921
lambda =     0.2148; f =         -227.2828932
Norm of dx    0.37158
----
Improvement on iteration 85 =        0.724381069
-----------------
f at the beginning of new iteration,      -227.2828932475
Predicted improvement:        1.318945222
lambda =          1; f =         -228.1276047
Norm of dx    0.14096
----
Improvement on iteration 86 =        0.844711413
-----------------
f at the beginning of new iteration,      -228.1276046606
Predicted improvement:        2.358130341
lambda =          1; f =         -228.1276034
lambda =    0.33333; f =         -228.6149288
Norm of dx    0.22451
----
Improvement on iteration 87 =        0.487324126
-----------------
f at the beginning of new iteration,      -228.6149287862
Predicted improvement:        0.592983491
lambda =          1; f =         -228.8208886
lambda =    0.33333; f =         -228.8607745
Norm of dx   0.022466
----
Improvement on iteration 88 =        0.245845692
-----------------
f at the beginning of new iteration,      -228.8607744782
Predicted improvement:        0.261923904
lambda =          1; f =         -229.1228258
Norm of dx   0.060609
----
Improvement on iteration 89 =        0.262051280
-----------------
f at the beginning of new iteration,      -229.1228257583
Correct for low angle: 0.00472404
Predicted improvement:        0.072261864
lambda =          1; f =         -229.2357936
lambda =     1.9332; f =         -229.2934153
Norm of dx    0.02469
----
Improvement on iteration 90 =        0.170589576
-----------------
f at the beginning of new iteration,      -229.2934153341
Correct for low angle: 0.0025241
Predicted improvement:        0.220612134
lambda =          1; f =         -229.6764407
lambda =     1.9332; f =         -229.9464948
lambda =     3.7372; f =         -230.1171028
Norm of dx   0.077442
----
Improvement on iteration 91 =        0.823687476
-----------------
f at the beginning of new iteration,      -230.1171028098
Predicted improvement:        0.181928754
lambda =          1; f =         -230.3704288
Norm of dx   0.073019
----
Improvement on iteration 92 =        0.253326012
-----------------
f at the beginning of new iteration,      -230.3704288213
Predicted improvement:        0.479226102
lambda =          1; f =         -231.2467463
lambda =     1.9332; f =         -231.8953971
lambda =     3.7372; f =         -232.3815483
Norm of dx   0.086331
----
Improvement on iteration 93 =        2.011119514
-----------------
f at the beginning of new iteration,      -232.3815483356
Predicted improvement:        1.824630781
lambda =          1; f =         -235.1919130
lambda =     1.9332; f =         -236.1024398
Norm of dx    0.11833
----
Improvement on iteration 94 =        3.720891423
-----------------
f at the beginning of new iteration,      -236.1024397582
Predicted improvement:        9.240246947
lambda =          1; f =         -236.0982889
lambda =    0.33333; f =         -240.8981593
lambda =    0.64439; f =         -236.1023811
lambda =     0.4339; f =         -241.7172690
lambda =    0.55011; f =         -241.4454505
Norm of dx    0.29155
----
Improvement on iteration 95 =        5.614829282
-----------------
f at the beginning of new iteration,      -241.7172690399
Predicted improvement:        8.952646852
lambda =          1; f =         -244.4970418
lambda =    0.33333; f =         -246.6475836
lambda =    0.64439; f =         -248.5528883
Norm of dx    0.37915
----
Improvement on iteration 96 =        6.835619286
-----------------
f at the beginning of new iteration,      -248.5528883263
Predicted improvement:        7.638074541
lambda =          1; f =         -248.5476347
lambda =    0.33333; f =         -250.3547810
Norm of dx    0.27664
----
Improvement on iteration 97 =        1.801892687
-----------------
f at the beginning of new iteration,      -250.3547810138
Predicted improvement:       15.483501163
lambda =          1; f =         -260.2157043
Norm of dx    0.31284
----
Improvement on iteration 98 =        9.860923333
-----------------
f at the beginning of new iteration,      -260.2157043463
Predicted improvement:        0.531199798
lambda =          1; f =         -260.1601021
lambda =    0.33333; f =         -260.4528420
Norm of dx    0.15207
----
Improvement on iteration 99 =        0.237137656
-----------------
f at the beginning of new iteration,      -260.4528420026
Predicted improvement:        0.674752310
lambda =          1; f =         -261.0826710
Norm of dx    0.29433
----
Improvement on iteration 100 =        0.629829030
-----------------
f at the beginning of new iteration,      -261.0826710322
Predicted improvement:        0.992085139
lambda =          1; f =         -261.6866329
Norm of dx    0.30499
----
Improvement on iteration 101 =        0.603961835
-----------------
f at the beginning of new iteration,      -261.6866328677
Predicted improvement:        0.580473159
lambda =          1; f =         -262.2467284
Norm of dx     0.1952
----
Improvement on iteration 102 =        0.560095523
-----------------
f at the beginning of new iteration,      -262.2467283907
Predicted improvement:        0.326914093
lambda =          1; f =         -262.6730569
Norm of dx    0.29338
----
Improvement on iteration 103 =        0.426328462
-----------------
f at the beginning of new iteration,      -262.6730568529
Predicted improvement:        0.306845561
lambda =          1; f =         -263.1862137
lambda =     1.9332; f =         -263.2895452
Norm of dx    0.15372
----
Improvement on iteration 104 =        0.616488325
-----------------
f at the beginning of new iteration,      -263.2895451776
Predicted improvement:        0.351214205
lambda =          1; f =         -263.7101181
Norm of dx    0.19115
----
Improvement on iteration 105 =        0.420572889
-----------------
f at the beginning of new iteration,      -263.7101180664
Predicted improvement:        0.213013122
lambda =          1; f =         -263.6270566
lambda =    0.33333; f =         -263.8110484
lambda =    0.64439; f =         -263.8091244
Norm of dx    0.18672
----
Improvement on iteration 106 =        0.100930324
-----------------
f at the beginning of new iteration,      -263.8110483900
Correct for low angle: 0.00380807
Predicted improvement:        0.094998064
lambda =          1; f =         -263.8897004
Norm of dx    0.15286
----
Improvement on iteration 107 =        0.078652009
-----------------
f at the beginning of new iteration,      -263.8897003985
Predicted improvement:        0.035965741
lambda =          1; f =         -263.9489160
lambda =     1.9332; f =         -263.9800135
Norm of dx   0.011026
----
Improvement on iteration 108 =        0.090313071
-----------------
f at the beginning of new iteration,      -263.9800134696
Predicted improvement:        0.066773731
lambda =          1; f =         -264.0874385
lambda =     1.9332; f =         -264.1405210
Norm of dx   0.022771
----
Improvement on iteration 109 =        0.160507530
-----------------
f at the beginning of new iteration,      -264.1405209998
Predicted improvement:        0.135429303
lambda =          1; f =         -264.3540383
lambda =     1.9332; f =         -264.4629302
Norm of dx   0.050576
----
Improvement on iteration 110 =        0.322409234
-----------------
f at the beginning of new iteration,      -264.4629302335
Predicted improvement:        0.081229538
lambda =          1; f =         -264.5727662
Norm of dx   0.056565
----
Improvement on iteration 111 =        0.109836001
-----------------
f at the beginning of new iteration,      -264.5727662347
Predicted improvement:        0.023983069
lambda =          1; f =         -264.6038014
Norm of dx   0.035584
----
Improvement on iteration 112 =        0.031035180
-----------------
f at the beginning of new iteration,      -264.6038014145
Predicted improvement:        0.011714455
lambda =          1; f =         -264.6235779
lambda =     1.9332; f =         -264.6354342
Norm of dx   0.016062
----
Improvement on iteration 113 =        0.031632775
-----------------
f at the beginning of new iteration,      -264.6354341893
Predicted improvement:        0.025382586
lambda =          1; f =         -264.6777724
lambda =     1.9332; f =         -264.7024763
Norm of dx   0.016864
----
Improvement on iteration 114 =        0.067042063
-----------------
f at the beginning of new iteration,      -264.7024762526
Predicted improvement:        0.049066484
lambda =          1; f =         -264.7859076
lambda =     1.9332; f =         -264.8395310
lambda =     3.7372; f =         -264.8862559
Norm of dx   0.014019
----
Improvement on iteration 115 =        0.183779627
-----------------
f at the beginning of new iteration,      -264.8862558795
Predicted improvement:        0.080546906
lambda =          1; f =         -265.0338449
lambda =     1.9332; f =         -265.1481049
lambda =     3.7372; f =         -265.3068694
Norm of dx   0.036161
----
Improvement on iteration 116 =        0.420613529
-----------------
f at the beginning of new iteration,      -265.3068694084
Predicted improvement:        0.279686966
lambda =          1; f =         -265.7532889
lambda =     1.9332; f =         -265.9238638
Norm of dx    0.10509
----
Improvement on iteration 117 =        0.616994386
-----------------
f at the beginning of new iteration,      -265.9238637944
Predicted improvement:        0.409113711
lambda =          1; f =         -266.6434102
lambda =     1.9332; f =         -267.1593215
lambda =     3.7372; f =         -267.7986047
Norm of dx   0.048944
----
Improvement on iteration 118 =        1.874740923
-----------------
f at the beginning of new iteration,      -267.7986047178
Predicted improvement:        0.351506759
lambda =          1; f =         -268.2871635
Norm of dx   0.074542
----
Improvement on iteration 119 =        0.488558767
-----------------
f at the beginning of new iteration,      -268.2871634850
Predicted improvement:        0.171391097
lambda =          1; f =         -268.4983527
Norm of dx   0.072505
----
Improvement on iteration 120 =        0.211189240
-----------------
f at the beginning of new iteration,      -268.4983527246
Predicted improvement:        0.073485364
lambda =          1; f =         -268.5951245
Norm of dx   0.059991
----
Improvement on iteration 121 =        0.096771741
-----------------
f at the beginning of new iteration,      -268.5951244661
Predicted improvement:        0.020975278
lambda =          1; f =         -268.6251206
lambda =     1.9332; f =         -268.6309881
Norm of dx   0.026805
----
Improvement on iteration 122 =        0.035863668
-----------------
f at the beginning of new iteration,      -268.6309881340
Predicted improvement:        0.016154147
lambda =          1; f =         -268.6603369
lambda =     1.9332; f =         -268.6823060
lambda =     3.7372; f =         -268.7091356
Norm of dx  0.0092475
----
Improvement on iteration 123 =        0.078147489
-----------------
f at the beginning of new iteration,      -268.7091356233
Predicted improvement:        0.055999825
lambda =          1; f =         -268.7880603
lambda =     1.9332; f =         -268.7951544
Norm of dx   0.023163
----
Improvement on iteration 124 =        0.086018797
-----------------
f at the beginning of new iteration,      -268.7951544201
Predicted improvement:        0.067018649
lambda =          1; f =         -268.9135454
lambda =     1.9332; f =         -268.9959996
lambda =     3.7372; f =         -269.0791915
Norm of dx   0.021393
----
Improvement on iteration 125 =        0.284037119
-----------------
f at the beginning of new iteration,      -269.0791915388
Predicted improvement:        0.232678463
lambda =          1; f =         -269.5242567
lambda =     1.9332; f =         -269.9009147
lambda =     3.7372; f =         -270.5086156
lambda =     7.2247; f =         -271.0681853
Norm of dx   0.031764
----
Improvement on iteration 126 =        1.988993784
-----------------
f at the beginning of new iteration,      -271.0681853226
Predicted improvement:        0.769043859
lambda =          1; f =         -270.3651954
lambda =    0.33333; f =         -271.4284436
lambda =    0.64439; f =         -271.4166867
Norm of dx    0.18133
----
Improvement on iteration 127 =        0.360258283
-----------------
f at the beginning of new iteration,      -271.4284436060
Predicted improvement:        0.457233642
lambda =          1; f =         -271.6668553
lambda =    0.33333; f =         -271.6460511
lambda =    0.64439; f =         -271.7159781
Norm of dx     0.1988
----
Improvement on iteration 128 =        0.287534463
-----------------
f at the beginning of new iteration,      -271.7159780689
Predicted improvement:        0.076932907
lambda =          1; f =         -271.8103558
Norm of dx   0.054769
----
Improvement on iteration 129 =        0.094377724
-----------------
f at the beginning of new iteration,      -271.8103557932
Predicted improvement:        0.007619349
lambda =          1; f =         -271.8186734
Norm of dx   0.026139
----
Improvement on iteration 130 =        0.008317582
-----------------
f at the beginning of new iteration,      -271.8186733748
Predicted improvement:        0.000559190
lambda =          1; f =         -271.8192633
Norm of dx  0.0055298
----
Improvement on iteration 131 =        0.000589967
-----------------
f at the beginning of new iteration,      -271.8192633421
Predicted improvement:        0.000021566
lambda =          1; f =         -271.8192893
Norm of dx 0.00044723
----
Improvement on iteration 132 =        0.000025931
-----------------
f at the beginning of new iteration,      -271.8192892734
Predicted improvement:        0.000008478
lambda =          1; f =         -271.8192990
Norm of dx  0.0010338
----
Improvement on iteration 133 =        0.000009765
-----------------
f at the beginning of new iteration,      -271.8192990388
Predicted improvement:        0.000000786
lambda =          1; f =         -271.8192998
Norm of dx 0.00021146
----
Improvement on iteration 134 =        0.000000720
-----------------
f at the beginning of new iteration,      -271.8192997589
Predicted improvement:        0.000000299
lambda =          1; f =         -271.8192996
lambda =    0.33333; f =         -271.8192998
lambda =    0.11111; f =         -271.8192998
Norm of dx 0.00015727
----
Improvement on iteration 135 =        0.000000057
improvement < crit termination

Final value of minus the log posterior (or likelihood):-271.819300 

RESULTS FROM POSTERIOR ESTIMATION
parameters
      prior mean     mode    s.d.  prior pstdev

rho_g     0.5000   0.4676  0.2831   beta 0.2000 
rho_m     0.5000   0.3200  0.1176   beta 0.2000 
rho_r     0.5000   0.2579  0.1290   beta 0.2000 
rho_c     0.5000   0.0243  0.0187   beta 0.2000 
rho_i     0.5000   0.0140  0.0110   beta 0.2000 

standard deviation of shocks
      prior mean     mode    s.d.  prior pstdev

eta_g     0.0100   0.0046  0.0019   invg 2.0000 
eta_m     0.0100   0.4745  0.0420   invg 2.0000 
eta_r     0.0100   0.0042  0.0014   invg 2.0000 
eta_c     0.0100   0.3402  0.0270   invg 2.0000 
eta_i     0.0100   6.7118  0.5195   invg 2.0000 


Log data density [Laplace approximation] is 246.650277.

Estimation::mcmc: One Chain mode.
Estimation::mcmc: Initialization at the posterior mode.

Estimation::mcmc: Write details about the MCMC... Ok!
Estimation::mcmc: Details about the MCMC are available in unemployment_NK/metropolis\unemployment_NK_mh_history_0.mat


Estimation::mcmc: Number of mh files: 1 per block.
Estimation::mcmc: Total number of generated files: 1.
Estimation::mcmc: Total number of iterations: 10000.
Estimation::mcmc: Current acceptance ratio per chain:
                                                       Chain  1: 45.93%
Estimation::mcmc: Total number of MH draws per chain: 10000.
Estimation::mcmc: Total number of generated MH files: 1.
Estimation::mcmc: I'll use mh-files 1 to 1.
Estimation::mcmc: In MH-file number 1 I'll start at line 5001.
Estimation::mcmc: Finally I keep 5000 draws per chain.



MCMC Inefficiency factors per block
Parameter       Block 1
SE_eta_g        348.077
SE_eta_m         64.677
SE_eta_r         60.653
SE_eta_c         53.042
SE_eta_i         57.567
rho_g            25.487
rho_m            41.651
rho_r            49.059
rho_c            88.649
rho_i           156.089



Convergence diagnostics results for chain 1.

Geweke (1992) Convergence Tests, based on means of draws 5000 to 6000 vs 7500 to 10000 for chain 1.
p-values are for Chi2-test for equality of means.
Parameter         Post. Mean        Post. Std   p-val No Taper   p-val 4% Taper   p-val 8% Taper  p-val 15% Taper
SE_eta_g               0.009            0.005            0.000            0.002            0.015            0.043
SE_eta_m               0.478            0.045            0.000            0.435            0.507            0.519
SE_eta_r               0.005            0.002            0.000            0.031            0.085            0.150
SE_eta_c               0.353            0.029            0.000            0.031            0.052            0.050
SE_eta_i               6.868            0.553            0.000            0.000            0.001            0.001
rho_g                  0.481            0.210            0.000            0.008            0.007            0.003
rho_m                  0.292            0.110            0.001            0.532            0.573            0.572
rho_r                  0.280            0.128            0.000            0.055            0.097            0.114
rho_c                  0.037            0.022            0.187            0.801            0.826            0.836
rho_i                  0.024            0.018            0.000            0.022            0.072            0.100


marginal density: I'm computing the posterior mean and covariance...  Done!
marginal density: I'm computing the posterior log marginal density (modified harmonic mean)... Done!


ESTIMATION RESULTS

Log data density (Modified Harmonic Mean) is 246.728133.
parameters
        prior mean   post. mean        90% HPD interval    prior       pstdev

rho_g        0.500       0.4692      0.1407      0.8251     beta       0.2000
rho_m        0.500       0.2992      0.1179      0.4640     beta       0.2000
rho_r        0.500       0.2745      0.0816      0.4635     beta       0.2000
rho_c        0.500       0.0349      0.0056      0.0641     beta       0.2000
rho_i        0.500       0.0260      0.0021      0.0474     beta       0.2000

standard deviation of shocks
        prior mean   post. mean        90% HPD interval    prior       pstdev

eta_g        0.010       0.0090      0.0024      0.0151     invg       2.0000
eta_m        0.010       0.4757      0.4000      0.5510     invg       2.0000
eta_r        0.010       0.0050      0.0027      0.0072     invg       2.0000
eta_c        0.010       0.3547      0.3067      0.4064     invg       2.0000
eta_i        0.010       6.8644      5.9618      7.6985     invg       2.0000
Estimation::mcmc: Forecasted variables (mean)
Estimation::mcmc: Forecasted variables (mean), done!
Estimation::mcmc: Forecasted variables (point)
Estimation::mcmc: Forecasted variables (point), done!
[Warning: Some of the parameters have no value (chi, b, Gam, A) when using stoch_simul. If these parameters are not initialized
in a steadystate file or a steady_state_model-block, Dynare may not be able to solve the model. Note that simul,
perfect_foresight_setup, and perfect_foresight_solver do not automatically call the steady state file.] 

MODEL SUMMARY

  Number of variables:         34
  Number of stochastic shocks: 7
  Number of state variables:   13
  Number of jumpers:           9
  Number of static variables:  15


MATRIX OF COVARIANCE OF EXOGENOUS SHOCKS
Variables        eta_a      eta_g      eta_c      eta_m      eta_i      eta_r      eta_t
eta_a         0.000000   0.000000   0.000000   0.000000   0.000000   0.000000   0.000000
eta_g         0.000000   0.000080   0.000000   0.000000   0.000000   0.000000   0.000000
eta_c         0.000000   0.000000   0.125786   0.000000   0.000000   0.000000   0.000000
eta_m         0.000000   0.000000   0.000000   0.226326   0.000000   0.000000   0.000000
eta_i         0.000000   0.000000   0.000000   0.000000  47.120514   0.000000   0.000000
eta_r         0.000000   0.000000   0.000000   0.000000   0.000000   0.000025   0.000000
eta_t         0.000000   0.000000   0.000000   0.000000   0.000000   0.000000   0.000000

POLICY AND TRANSITION FUNCTIONS
                              gy_obs          pi_obs           u_obs
n(-1)                      -0.093865       -0.024866        0.124036
k(-1)                       0.001442       -0.000888        0.000089
r(-1)                      -1.935854       -0.444588        2.558093
e_a(-1)                     0.680537       -0.575403        0.356076
e_g(-1)                     0.091685        0.010541       -0.121155
e_c(-1)                     0.021576        0.001990       -0.028511
e_m(-1)                    -0.008445        0.009078        0.011160
e_r(-1)                    -0.895807       -0.221454        1.183745
e_t(-1)                    -0.023283        0.019495        0.030767
y(-1)                      -0.040000               0               0
i(-1)                       0.031939        0.003503       -0.042205
e_i(-1)                     0.001250        0.000035       -0.001652
eta_a                       0.716355       -0.605687        0.374817
eta_g                       0.195402        0.022465       -0.258209
eta_c                       0.618183        0.057012       -0.816884
eta_m                      -0.028224        0.030337        0.037295
eta_i                       0.048063        0.001337       -0.063512
eta_r                      -3.262962       -0.806641        4.311771
eta_t                      -0.029104        0.024368        0.038459


THEORETICAL MOMENTS
VARIABLE         MEAN  STD. DEV.   VARIANCE
gy_obs         0.0000     0.4875     0.2377
pi_obs         0.0000     0.2092     0.0438
u_obs          0.0000     0.8665     0.7509



VARIANCE DECOMPOSITION (in percent)
           eta_a   eta_g   eta_c   eta_m   eta_i   eta_r   eta_t
gy_obs      0.00    0.00   49.59    0.08   50.20    0.13    0.00
pi_obs      0.00    0.00    1.25    0.51   98.18    0.07    0.00
u_obs       0.00    0.00   11.65    0.13   88.09    0.13    0.00



MATRIX OF CORRELATIONS
Variables     gy_obs   pi_obs    u_obs
gy_obs        1.0000   0.1774  -0.4299
pi_obs        0.1774   1.0000   0.6917
u_obs        -0.4299   0.6917   1.0000



COEFFICIENTS OF AUTOCORRELATION
Order           1        2        3        4        5
gy_obs    -0.4091   0.0366  -0.0268  -0.0102  -0.0081
pi_obs     0.9622   0.9551   0.9397   0.9240   0.9075
u_obs      0.7046   0.6777   0.6318   0.6014   0.5773
Total computing time : 0h02m42s
Note: 3 warning(s) encountered in the preprocessor
Note: warning(s) encountered in MATLAB/Octave code
